Device:  cuda
Seed 0
load= 0.07142857142857142
Episode: 0, mean score rollout: 0.9792252817352839 Score test: (0.9777387990120496, 0.9979981411763703, 0, 84.64)
Episode: 0, mean score rollout: 0.9792252817352839 Score test: (0.982610360791807, 0.9987028824819972, 0, 83.26)
Episode: 0, mean score rollout: 0.9792252817352839 Score test: (0.9797313596460556, 0.9984076546798564, 0, 83.26)
Episode: 0, mean score rollout: 0.9792252817352839 Score test: (0.9797008734185643, 0.9985708603340582, 0, 82.38)
Episode: 100, mean score rollout: 0.982393667078437 Score test: (0.9851842225572842, 0.9990079378635539, 0, 84.16)
Episode: 100, mean score rollout: 0.982393667078437 Score test: (0.9844948975822269, 0.9991346857492753, 0, 83.36)
Episode: 100, mean score rollout: 0.982393667078437 Score test: (0.9806686056633825, 0.9986136718057232, 0, 84.42)
Episode: 100, mean score rollout: 0.982393667078437 Score test: (0.9833728990332936, 0.9988808479946676, 0, 82.92)
Episode: 200, mean score rollout: 0.9810410841293452 Score test: (0.9825942810400954, 0.998873672150591, 0, 83.86)
Episode: 200, mean score rollout: 0.9810410841293452 Score test: (0.9833590503972544, 0.9987181724508285, 0, 84.54)
Episode: 200, mean score rollout: 0.9810410841293452 Score test: (0.9806318597135466, 0.9987185459060233, 0, 83.76)
Episode: 200, mean score rollout: 0.9810410841293452 Score test: (0.9831342025053259, 0.998662537886815, 0, 84.52)
Episode: 300, mean score rollout: 0.985333453332523 Score test: (0.9857301624018935, 0.9990291772595552, 0, 83.2)
Episode: 300, mean score rollout: 0.985333453332523 Score test: (0.9799536926370078, 0.9985344062568793, 0, 80.78)
Episode: 300, mean score rollout: 0.985333453332523 Score test: (0.9838228809840552, 0.9989834799413222, 0, 84.9)
Episode: 300, mean score rollout: 0.985333453332523 Score test: (0.9856514548822004, 0.9990260900118954, 0, 85.48)
Episode: 400, mean score rollout: 0.9836986446513171 Score test: (0.9814077379178667, 0.9982892417650998, 0, 82.46)
Episode: 400, mean score rollout: 0.9836986446513171 Score test: (0.9793617114512047, 0.9983325424696945, 0, 82.34)
Episode: 400, mean score rollout: 0.9836986446513171 Score test: (0.9814143871402383, 0.9984096949646195, 0, 84.08)
Episode: 400, mean score rollout: 0.9836986446513171 Score test: (0.9799530828208478, 0.9986151669006087, 0, 84.52)
Episode: 500, mean score rollout: 0.9847851111405328 Score test: (0.9849747256001481, 0.9989982987559718, 0, 83.3)
Episode: 500, mean score rollout: 0.9847851111405328 Score test: (0.982795154568279, 0.9987248046601849, 0, 82.04)
Episode: 500, mean score rollout: 0.9847851111405328 Score test: (0.9846627908042584, 0.9990773814335067, 0, 86.22)
Episode: 500, mean score rollout: 0.9847851111405328 Score test: (0.9830438103005581, 0.998713108588735, 0, 85.52)
Episode: 600, mean score rollout: 0.9887465744416449 Score test: (0.9853324025141214, 0.9989226640277107, 0, 82.82)
Episode: 600, mean score rollout: 0.9887465744416449 Score test: (0.9808896493302152, 0.9985747972507665, 0, 84.7)
Episode: 600, mean score rollout: 0.9887465744416449 Score test: (0.9853587672394363, 0.9991235400526035, 0, 83.1)
Episode: 600, mean score rollout: 0.9887465744416449 Score test: (0.9851160295666717, 0.9991857521101708, 0, 88.56)
Episode: 700, mean score rollout: 0.980829268195435 Score test: (0.9832074624828708, 0.9987087282362412, 0, 84.12)
Episode: 700, mean score rollout: 0.980829268195435 Score test: (0.9768893390883358, 0.9983516894372564, 0, 83.24)
Episode: 700, mean score rollout: 0.980829268195435 Score test: (0.984303325512015, 0.9988279882405386, 0, 84.46)
Episode: 700, mean score rollout: 0.980829268195435 Score test: (0.9832770639238064, 0.998662278330863, 0, 84.16)
Episode: 800, mean score rollout: 0.9854439951692211 Score test: (0.9844499169066279, 0.9984362080715259, 0, 84.84)
Episode: 800, mean score rollout: 0.9854439951692211 Score test: (0.983941123554404, 0.9986868202025441, 0, 84.02)
Episode: 800, mean score rollout: 0.9854439951692211 Score test: (0.9831203900914559, 0.9986976625938649, 0, 82.2)
Episode: 800, mean score rollout: 0.9854439951692211 Score test: (0.9853586142273254, 0.9988134550028401, 0, 83.5)
Episode: 900, mean score rollout: 0.9773907333385383 Score test: (0.981902142769087, 0.9983488593226904, 0, 83.34)
Episode: 900, mean score rollout: 0.9773907333385383 Score test: (0.9875860359360716, 0.9991252901667589, 0, 84.42)
Episode: 900, mean score rollout: 0.9773907333385383 Score test: (0.9835166825456079, 0.9988413318876678, 0, 82.78)
Episode: 900, mean score rollout: 0.9773907333385383 Score test: (0.980604455591878, 0.9987964809805405, 0, 85.16)
Episode: 1000, mean score rollout: 0.9841115723431082 Score test: (0.9845437942096694, 0.99864844780082, 0, 83.72)
Episode: 1000, mean score rollout: 0.9841115723431082 Score test: (0.9803598702446993, 0.9987228623760619, 0, 85.04)
Episode: 1000, mean score rollout: 0.9841115723431082 Score test: (0.984960054816111, 0.9991115872273539, 0, 81.4)
Episode: 1000, mean score rollout: 0.9841115723431082 Score test: (0.9838875635701088, 0.9988864607424713, 0, 81.96)
Episode: 1100, mean score rollout: 0.980503551144578 Score test: (0.9844959495080954, 0.9988618227275015, 0, 84.28)
Episode: 1100, mean score rollout: 0.980503551144578 Score test: (0.9831030005548237, 0.9984369198500589, 0, 82.52)
Episode: 1100, mean score rollout: 0.980503551144578 Score test: (0.9828681425786064, 0.9984610386020161, 0, 85.86)
Episode: 1100, mean score rollout: 0.980503551144578 Score test: (0.9831509620180506, 0.9988071550282435, 0, 83.7)
Episode: 1200, mean score rollout: 0.9901777206201686 Score test: (0.9808811498665722, 0.9987329158370841, 0, 83.56)
Episode: 1200, mean score rollout: 0.9901777206201686 Score test: (0.9854174406219482, 0.9989857872547809, 0, 85.48)
Episode: 1200, mean score rollout: 0.9901777206201686 Score test: (0.9844068366181156, 0.9988134790973392, 0, 83.4)
Episode: 1200, mean score rollout: 0.9901777206201686 Score test: (0.987389278886413, 0.9988687959652977, 0, 82.42)
Episode: 1300, mean score rollout: 0.9879764487952473 Score test: (0.9856919721031957, 0.9991802467475308, 0, 82.52)
Episode: 1300, mean score rollout: 0.9879764487952473 Score test: (0.9815115661315792, 0.998426108255604, 0, 83.36)
Episode: 1300, mean score rollout: 0.9879764487952473 Score test: (0.9850920436256259, 0.9989083483765304, 0, 85.18)
Episode: 1300, mean score rollout: 0.9879764487952473 Score test: (0.9839121639515355, 0.998620016267568, 0, 85.34)
Episode: 1400, mean score rollout: 0.9792416285494635 Score test: (0.9860806770484873, 0.9990226649626451, 0, 86.12)
Episode: 1400, mean score rollout: 0.9792416285494635 Score test: (0.9821060608022146, 0.9987145904053333, 0, 81.5)
Episode: 1400, mean score rollout: 0.9792416285494635 Score test: (0.9880344478995227, 0.9992316142628738, 0, 84.08)
Episode: 1400, mean score rollout: 0.9792416285494635 Score test: (0.9804980871971005, 0.9987847977279436, 0, 85.74)
Episode: 1500, mean score rollout: 0.9799070903596954 Score test: (0.983858171422566, 0.9987369390696773, 0, 84.78)
Episode: 1500, mean score rollout: 0.9799070903596954 Score test: (0.9829838187389597, 0.9988073268569556, 0, 83.6)
Episode: 1500, mean score rollout: 0.9799070903596954 Score test: (0.9814689234736959, 0.9984498853264208, 0, 85.7)
Episode: 1500, mean score rollout: 0.9799070903596954 Score test: (0.9773892815540433, 0.9984150333488886, 0, 84.62)
Episode: 1600, mean score rollout: 0.979069350643466 Score test: (0.9861899302888686, 0.9988365204329193, 0, 85.74)
Episode: 1600, mean score rollout: 0.979069350643466 Score test: (0.9832495649200105, 0.9989054712944315, 0, 86.34)
Episode: 1600, mean score rollout: 0.979069350643466 Score test: (0.9860217080004332, 0.9989393187884815, 0, 83.86)
Episode: 1600, mean score rollout: 0.979069350643466 Score test: (0.9855193794951673, 0.9989504672052385, 0, 85.68)
Episode: 1700, mean score rollout: 0.9877759261948793 Score test: (0.9862095239818726, 0.9991303313500921, 0, 83.2)
Episode: 1700, mean score rollout: 0.9877759261948793 Score test: (0.9850945180969881, 0.9987973382236041, 0, 85.2)
Episode: 1700, mean score rollout: 0.9877759261948793 Score test: (0.9869849347587367, 0.999039648469514, 0, 84.02)
Episode: 1700, mean score rollout: 0.9877759261948793 Score test: (0.9821240829490696, 0.9988673942436033, 0, 83.74)
Episode: 1800, mean score rollout: 0.9819838848123844 Score test: (0.9868057388051628, 0.9990510907409519, 0, 81.02)
Episode: 1800, mean score rollout: 0.9819838848123844 Score test: (0.985111137675826, 0.9991094810821117, 0, 85.78)
Episode: 1800, mean score rollout: 0.9819838848123844 Score test: (0.989675638356007, 0.9994063329077365, 0, 84.1)
Episode: 1800, mean score rollout: 0.9819838848123844 Score test: (0.9858664793420285, 0.998812655339787, 0, 86.22)
Episode: 1900, mean score rollout: 0.9828974495901657 Score test: (0.983943826190235, 0.998589260792356, 0, 83.88)
Episode: 1900, mean score rollout: 0.9828974495901657 Score test: (0.9857863826469849, 0.9990402873401371, 0, 84.72)
Episode: 1900, mean score rollout: 0.9828974495901657 Score test: (0.9804125936339085, 0.9984872958789858, 0, 84.9)
Episode: 1900, mean score rollout: 0.9828974495901657 Score test: (0.9839218446205623, 0.9988387814807722, 0, 82.82)
Episode: 2000, mean score rollout: 0.9877468275879095 Score test: (0.98623065947008, 0.9990074191396222, 0, 84.02)
Episode: 2000, mean score rollout: 0.9877468275879095 Score test: (0.9845065044947664, 0.9989737222261043, 0, 83.62)
Episode: 2000, mean score rollout: 0.9877468275879095 Score test: (0.9848173782135697, 0.9988169648381569, 0, 82.36)
Episode: 2000, mean score rollout: 0.9877468275879095 Score test: (0.9842140180500257, 0.9986866377989039, 0, 81.46)
Episode: 2100, mean score rollout: 0.9900230009223913 Score test: (0.987826787641417, 0.9990309572279873, 0, 83.98)
Episode: 2100, mean score rollout: 0.9900230009223913 Score test: (0.9857233569302448, 0.9991084960940448, 0, 85.02)
Episode: 2100, mean score rollout: 0.9900230009223913 Score test: (0.9884422536685622, 0.9991479311486691, 0, 82.68)
Episode: 2100, mean score rollout: 0.9900230009223913 Score test: (0.9845518875186182, 0.998961133721415, 0, 82.62)
Episode: 2200, mean score rollout: 0.9836311520702619 Score test: (0.9869911907785298, 0.9989043212590839, 0, 83.96)
Episode: 2200, mean score rollout: 0.9836311520702619 Score test: (0.9893183021059445, 0.9994139228352342, 0, 84.0)
Episode: 2200, mean score rollout: 0.9836311520702619 Score test: (0.987454434830396, 0.9991651597079229, 0, 85.22)
Episode: 2200, mean score rollout: 0.9836311520702619 Score test: (0.9846973668311716, 0.9988126985205217, 0, 80.3)
Episode: 2300, mean score rollout: 0.9890417591957632 Score test: (0.9848119319586972, 0.9987502254388976, 0, 82.74)
Episode: 2300, mean score rollout: 0.9890417591957632 Score test: (0.9846254311134238, 0.9989951937035024, 0, 87.36)
Episode: 2300, mean score rollout: 0.9890417591957632 Score test: (0.9849259807935197, 0.9989433283193064, 0, 85.22)
Episode: 2300, mean score rollout: 0.9890417591957632 Score test: (0.9881597484426246, 0.9992439597670243, 0, 83.3)
Episode: 2400, mean score rollout: 0.983704136715415 Score test: (0.9836290055029179, 0.998594837410898, 0, 84.82)
Episode: 2400, mean score rollout: 0.983704136715415 Score test: (0.9848851676776696, 0.9989550490812589, 0, 85.92)
Episode: 2400, mean score rollout: 0.983704136715415 Score test: (0.9848377187451773, 0.9988782523225129, 0, 85.0)
Episode: 2400, mean score rollout: 0.983704136715415 Score test: (0.9829478904732605, 0.9986342534119279, 0, 82.52)
URLLC score iPPO: 0.9855978444287757
Jain's index iPPO: 0.9989775016156036
Channel errors iPPO: 0
Reward per episode iPPO: 84.696

load= 0.16666666666666666
Episode: 0, mean score rollout: 0.9608291951421742 Score test: (0.9542236368226585, 0.9978820332308118, 0, 189.78)
Episode: 0, mean score rollout: 0.9608291951421742 Score test: (0.9563456470664515, 0.9977097876948987, 0, 189.1)
Episode: 0, mean score rollout: 0.9608291951421742 Score test: (0.9463657067337725, 0.9967158323119091, 0, 185.36)
Episode: 0, mean score rollout: 0.9608291951421742 Score test: (0.940028505926337, 0.9970487349263192, 0, 186.62)
Episode: 100, mean score rollout: 0.9561406564449845 Score test: (0.9625508846761685, 0.9986141012158045, 0, 188.38)
Episode: 100, mean score rollout: 0.9561406564449845 Score test: (0.9639213096766062, 0.9984568030745052, 0, 189.7)
Episode: 100, mean score rollout: 0.9561406564449845 Score test: (0.9601994693622733, 0.9983942589973789, 0, 189.62)
Episode: 100, mean score rollout: 0.9561406564449845 Score test: (0.9649428985105191, 0.9985116919595939, 0, 189.48)
Episode: 200, mean score rollout: 0.9676660620791688 Score test: (0.9637888997091223, 0.99855111906131, 0, 188.44)
Episode: 200, mean score rollout: 0.9676660620791688 Score test: (0.9611347845088134, 0.998702060230618, 0, 192.74)
Episode: 200, mean score rollout: 0.9676660620791688 Score test: (0.9640990190881316, 0.9985857217165328, 0, 190.28)
Episode: 200, mean score rollout: 0.9676660620791688 Score test: (0.9617750946669691, 0.9986233783347938, 0, 191.22)
Episode: 300, mean score rollout: 0.9714281413486132 Score test: (0.9610594631241862, 0.9986007910929833, 0, 192.76)
Episode: 300, mean score rollout: 0.9714281413486132 Score test: (0.965441550747324, 0.9986790084765705, 0, 191.78)
Episode: 300, mean score rollout: 0.9714281413486132 Score test: (0.9632629480877497, 0.998597537307308, 0, 192.26)
Episode: 300, mean score rollout: 0.9714281413486132 Score test: (0.9620463389585858, 0.9985569089473485, 0, 188.64)
Episode: 400, mean score rollout: 0.9631632362445444 Score test: (0.9599474469621606, 0.9982430958830306, 0, 190.86)
Episode: 400, mean score rollout: 0.9631632362445444 Score test: (0.960751058587079, 0.9983497705683821, 0, 192.4)
Episode: 400, mean score rollout: 0.9631632362445444 Score test: (0.9588996773074387, 0.9981706713783001, 0, 193.04)
Episode: 400, mean score rollout: 0.9631632362445444 Score test: (0.9627581332734567, 0.9987171818208054, 0, 190.92)
Episode: 500, mean score rollout: 0.9629242137122642 Score test: (0.9631565119563555, 0.9986854072552432, 0, 192.3)
Episode: 500, mean score rollout: 0.9629242137122642 Score test: (0.9662306279250228, 0.9986909253491738, 0, 192.04)
Episode: 500, mean score rollout: 0.9629242137122642 Score test: (0.9667166207587021, 0.9985095324723485, 0, 189.48)
Episode: 500, mean score rollout: 0.9629242137122642 Score test: (0.9676023409613986, 0.9987814827411958, 0, 192.08)
Episode: 600, mean score rollout: 0.9725166628765451 Score test: (0.9663277463675936, 0.9987023302010154, 0, 192.06)
Episode: 600, mean score rollout: 0.9725166628765451 Score test: (0.9650349477905976, 0.9986690542714635, 0, 194.88)
Episode: 600, mean score rollout: 0.9725166628765451 Score test: (0.967801488541958, 0.9990147904640141, 0, 189.18)
Episode: 600, mean score rollout: 0.9725166628765451 Score test: (0.96110684620641, 0.9985714383364487, 0, 190.08)
Episode: 700, mean score rollout: 0.9575402044133299 Score test: (0.9638160963925414, 0.9987798638007875, 0, 192.36)
Episode: 700, mean score rollout: 0.9575402044133299 Score test: (0.9613796998037065, 0.998367263162419, 0, 188.58)
Episode: 700, mean score rollout: 0.9575402044133299 Score test: (0.9624747369116156, 0.9981683711018126, 0, 191.36)
Episode: 700, mean score rollout: 0.9575402044133299 Score test: (0.9667055150896929, 0.998787458886134, 0, 191.78)
Episode: 800, mean score rollout: 0.962589501337526 Score test: (0.9628550624393243, 0.99871276989521, 0, 193.44)
Episode: 800, mean score rollout: 0.962589501337526 Score test: (0.967313240578737, 0.9987766442514531, 0, 191.06)
Episode: 800, mean score rollout: 0.962589501337526 Score test: (0.9626816486421156, 0.9985406469154714, 0, 191.8)
Episode: 800, mean score rollout: 0.962589501337526 Score test: (0.962717212263841, 0.9986726717190255, 0, 194.54)
Episode: 900, mean score rollout: 0.9547809176869547 Score test: (0.9622858672696395, 0.9987507394731655, 0, 190.96)
Episode: 900, mean score rollout: 0.9547809176869547 Score test: (0.9654291342426738, 0.9987292192384291, 0, 187.96)
Episode: 900, mean score rollout: 0.9547809176869547 Score test: (0.9639773205193771, 0.9988403232749065, 0, 192.32)
Episode: 900, mean score rollout: 0.9547809176869547 Score test: (0.965155357559904, 0.9985727950048982, 0, 192.0)
Episode: 1000, mean score rollout: 0.9611075708947009 Score test: (0.9635797292417106, 0.9983850322242307, 0, 191.46)
Episode: 1000, mean score rollout: 0.9611075708947009 Score test: (0.9624012063225835, 0.9984176797265962, 0, 193.74)
Episode: 1000, mean score rollout: 0.9611075708947009 Score test: (0.9672476731251556, 0.9987308070494221, 0, 191.42)
Episode: 1000, mean score rollout: 0.9611075708947009 Score test: (0.9660016883308981, 0.9989281281712832, 0, 188.56)
Episode: 1100, mean score rollout: 0.967071262460351 Score test: (0.9626716237560738, 0.998364020788507, 0, 193.28)
Episode: 1100, mean score rollout: 0.967071262460351 Score test: (0.9700246360592041, 0.9988176881378246, 0, 190.76)
Episode: 1100, mean score rollout: 0.967071262460351 Score test: (0.9653289662479245, 0.998561619203096, 0, 192.72)
Episode: 1100, mean score rollout: 0.967071262460351 Score test: (0.9692365118370263, 0.9988362495052324, 0, 189.82)
Episode: 1200, mean score rollout: 0.9542120908962287 Score test: (0.9644448192440066, 0.9988045453374248, 0, 190.18)
Episode: 1200, mean score rollout: 0.9542120908962287 Score test: (0.9659493542869179, 0.9985673593714293, 0, 189.9)
Episode: 1200, mean score rollout: 0.9542120908962287 Score test: (0.9634412028966919, 0.9988643356977499, 0, 193.82)
Episode: 1200, mean score rollout: 0.9542120908962287 Score test: (0.9661520481711707, 0.9985003940422181, 0, 188.66)
Episode: 1300, mean score rollout: 0.9604996492497477 Score test: (0.9627987334862047, 0.9985593258628694, 0, 189.68)
Episode: 1300, mean score rollout: 0.9604996492497477 Score test: (0.9583130647939103, 0.9984565584001608, 0, 190.54)
Episode: 1300, mean score rollout: 0.9604996492497477 Score test: (0.9622378504463098, 0.9986529515193483, 0, 193.32)
Episode: 1300, mean score rollout: 0.9604996492497477 Score test: (0.9616834414926312, 0.9984726958423886, 0, 190.3)
Episode: 1400, mean score rollout: 0.9585824192459274 Score test: (0.9660131200220945, 0.9986663257042467, 0, 186.34)
Episode: 1400, mean score rollout: 0.9585824192459274 Score test: (0.9630950163432302, 0.9986643806767544, 0, 188.1)
Episode: 1400, mean score rollout: 0.9585824192459274 Score test: (0.9587568841731249, 0.9981941380877953, 0, 192.9)
Episode: 1400, mean score rollout: 0.9585824192459274 Score test: (0.9627399660507153, 0.9986523211924478, 0, 190.68)
Episode: 1500, mean score rollout: 0.9618526038795672 Score test: (0.961701236188762, 0.9983592733863215, 0, 190.0)
Episode: 1500, mean score rollout: 0.9618526038795672 Score test: (0.9655838738262831, 0.9985527487957931, 0, 193.48)
Episode: 1500, mean score rollout: 0.9618526038795672 Score test: (0.9625119643895472, 0.9985251666353817, 0, 191.58)
Episode: 1500, mean score rollout: 0.9618526038795672 Score test: (0.9646905454733, 0.9988239864992501, 0, 189.66)
Episode: 1600, mean score rollout: 0.9620565420172076 Score test: (0.965261738490469, 0.9987781412673478, 0, 189.52)
Episode: 1600, mean score rollout: 0.9620565420172076 Score test: (0.9617565103962513, 0.9986405877707867, 0, 189.2)
Episode: 1600, mean score rollout: 0.9620565420172076 Score test: (0.9627838145425275, 0.9985977640392377, 0, 192.54)
Episode: 1600, mean score rollout: 0.9620565420172076 Score test: (0.964087943177399, 0.9986665236593675, 0, 188.96)
Episode: 1700, mean score rollout: 0.9563214855505672 Score test: (0.9638727225507128, 0.9987099994233318, 0, 192.34)
Episode: 1700, mean score rollout: 0.9563214855505672 Score test: (0.9665449746262337, 0.9986070636556009, 0, 190.0)
Episode: 1700, mean score rollout: 0.9563214855505672 Score test: (0.9651366638398586, 0.99857317713316, 0, 190.22)
Episode: 1700, mean score rollout: 0.9563214855505672 Score test: (0.9618481692175002, 0.998595059682825, 0, 189.34)
Episode: 1800, mean score rollout: 0.9714571590824864 Score test: (0.9657014120572002, 0.998849089005619, 0, 189.56)
Episode: 1800, mean score rollout: 0.9714571590824864 Score test: (0.96368174579299, 0.9985748644305056, 0, 191.7)
Episode: 1800, mean score rollout: 0.9714571590824864 Score test: (0.9643525834445528, 0.9987348572695771, 0, 191.34)
Episode: 1800, mean score rollout: 0.9714571590824864 Score test: (0.9669865219736383, 0.9987748338904826, 0, 189.6)
Episode: 1900, mean score rollout: 0.9639238562118724 Score test: (0.9666019974975123, 0.9985274430503046, 0, 192.44)
Episode: 1900, mean score rollout: 0.9639238562118724 Score test: (0.9661493892473593, 0.9986979640296417, 0, 188.96)
Episode: 1900, mean score rollout: 0.9639238562118724 Score test: (0.9678055975237438, 0.9987689306179977, 0, 192.24)
Episode: 1900, mean score rollout: 0.9639238562118724 Score test: (0.9639114217050203, 0.9985124945009919, 0, 193.98)
Episode: 2000, mean score rollout: 0.959213603593942 Score test: (0.9623221729117065, 0.9984337005769629, 0, 189.32)
Episode: 2000, mean score rollout: 0.959213603593942 Score test: (0.9635568878829369, 0.9983417043753978, 0, 190.38)
Episode: 2000, mean score rollout: 0.959213603593942 Score test: (0.9642742186133129, 0.9983911598081741, 0, 186.96)
Episode: 2000, mean score rollout: 0.959213603593942 Score test: (0.9663395806841218, 0.998733329189637, 0, 191.34)
Episode: 2100, mean score rollout: 0.948759803769 Score test: (0.9641980691228343, 0.9986633873955061, 0, 191.28)
Episode: 2100, mean score rollout: 0.948759803769 Score test: (0.9638997728075541, 0.998696729529351, 0, 190.32)
Episode: 2100, mean score rollout: 0.948759803769 Score test: (0.9613740451859191, 0.9984281799431902, 0, 192.24)
Episode: 2100, mean score rollout: 0.948759803769 Score test: (0.9654428049473078, 0.9987310115692496, 0, 192.6)
Episode: 2200, mean score rollout: 0.963471197432393 Score test: (0.9630274271383272, 0.9986898836259701, 0, 192.54)
Episode: 2200, mean score rollout: 0.963471197432393 Score test: (0.9652462311669321, 0.9982379843334125, 0, 191.14)
Episode: 2200, mean score rollout: 0.963471197432393 Score test: (0.9641572536988438, 0.998688777305943, 0, 191.08)
Episode: 2200, mean score rollout: 0.963471197432393 Score test: (0.9662236228670368, 0.9989476086185134, 0, 191.18)
Episode: 2300, mean score rollout: 0.9688149647559957 Score test: (0.9661294476686005, 0.9986064514668501, 0, 190.46)
Episode: 2300, mean score rollout: 0.9688149647559957 Score test: (0.9640028853961727, 0.9986308660768975, 0, 191.5)
Episode: 2300, mean score rollout: 0.9688149647559957 Score test: (0.9638976784566683, 0.9986118199900617, 0, 191.78)
Episode: 2300, mean score rollout: 0.9688149647559957 Score test: (0.9655632580191189, 0.9987612221833063, 0, 193.56)
Episode: 2400, mean score rollout: 0.963447084589086 Score test: (0.9603599376846157, 0.9985051099755519, 0, 190.5)
Episode: 2400, mean score rollout: 0.963447084589086 Score test: (0.9599852712915442, 0.9983039179057421, 0, 193.54)
Episode: 2400, mean score rollout: 0.963447084589086 Score test: (0.9586203397078706, 0.998320924109051, 0, 188.46)
Episode: 2400, mean score rollout: 0.963447084589086 Score test: (0.9594412257096284, 0.9984025574652833, 0, 189.98)
URLLC score iPPO: 0.9631704789869605
Jain's index iPPO: 0.9986138511764503
Channel errors iPPO: 0
Reward per episode iPPO: 191.71

load= 0.3333333333333333
Episode: 0, mean score rollout: 0.8749416097865149 Score test: (0.854430454703242, 0.9945524489344026, 0, 336.5)
Episode: 0, mean score rollout: 0.8749416097865149 Score test: (0.8533590713277777, 0.9941124755736148, 0, 336.14)
Episode: 0, mean score rollout: 0.8749416097865149 Score test: (0.8531670145423618, 0.9922471921510534, 0, 335.82)
Episode: 0, mean score rollout: 0.8749416097865149 Score test: (0.8644674974084714, 0.9945587554715374, 0, 341.22)
Episode: 100, mean score rollout: 0.8807012711781355 Score test: (0.8913702551254206, 0.9965501043544839, 0, 349.88)
Episode: 100, mean score rollout: 0.8807012711781355 Score test: (0.8931801476163739, 0.9970812676871347, 0, 350.08)
Episode: 100, mean score rollout: 0.8807012711781355 Score test: (0.8922066415430787, 0.997458995172267, 0, 349.46)
Episode: 100, mean score rollout: 0.8807012711781355 Score test: (0.8944399201482095, 0.9965868865343664, 0, 349.76)
Episode: 200, mean score rollout: 0.8811633145493352 Score test: (0.8931026754869089, 0.996713653808043, 0, 353.92)
Episode: 200, mean score rollout: 0.8811633145493352 Score test: (0.8978650979147954, 0.9969776753802626, 0, 353.16)
Episode: 200, mean score rollout: 0.8811633145493352 Score test: (0.8984783966462946, 0.9973892207635698, 0, 355.3)
Episode: 200, mean score rollout: 0.8811633145493352 Score test: (0.8885019307513791, 0.996273916487454, 0, 353.08)
Episode: 300, mean score rollout: 0.8907963102709491 Score test: (0.8845898743384594, 0.9964647203774555, 0, 345.3)
Episode: 300, mean score rollout: 0.8907963102709491 Score test: (0.8869484283277926, 0.9970033406334875, 0, 347.1)
Episode: 300, mean score rollout: 0.8907963102709491 Score test: (0.8871630917835104, 0.9962364767358828, 0, 350.16)
Episode: 300, mean score rollout: 0.8907963102709491 Score test: (0.8914611315787951, 0.9965386863665848, 0, 348.12)
Episode: 400, mean score rollout: 0.8918024317131439 Score test: (0.8888962030124197, 0.9970281591135475, 0, 352.18)
Episode: 400, mean score rollout: 0.8918024317131439 Score test: (0.8816978062032166, 0.9959941688835776, 0, 350.22)
Episode: 400, mean score rollout: 0.8918024317131439 Score test: (0.8850443772707596, 0.9969310256475815, 0, 349.02)
Episode: 400, mean score rollout: 0.8918024317131439 Score test: (0.8839849446208582, 0.9969637060056961, 0, 348.42)
Episode: 500, mean score rollout: 0.8864904354109582 Score test: (0.8902201520509432, 0.9971731077193353, 0, 348.68)
Episode: 500, mean score rollout: 0.8864904354109582 Score test: (0.8958708911592383, 0.996779567689656, 0, 344.38)
Episode: 500, mean score rollout: 0.8864904354109582 Score test: (0.8929125059395205, 0.9967051161484265, 0, 351.96)
Episode: 500, mean score rollout: 0.8864904354109582 Score test: (0.891255391844158, 0.9969883117369237, 0, 349.4)
Episode: 600, mean score rollout: 0.88865241003714 Score test: (0.8837584180949051, 0.9966047467737971, 0, 347.62)
Episode: 600, mean score rollout: 0.88865241003714 Score test: (0.8800031892867999, 0.9961661063738526, 0, 342.2)
Episode: 600, mean score rollout: 0.88865241003714 Score test: (0.8794600597210182, 0.9963622679787241, 0, 349.6)
Episode: 600, mean score rollout: 0.88865241003714 Score test: (0.885394889427668, 0.9964023011353282, 0, 346.86)
Episode: 700, mean score rollout: 0.868199626672061 Score test: (0.8893855732840411, 0.9965429550997235, 0, 347.58)
Episode: 700, mean score rollout: 0.868199626672061 Score test: (0.8896339873013277, 0.9969473995808832, 0, 349.68)
Episode: 700, mean score rollout: 0.868199626672061 Score test: (0.8891858550048919, 0.9963736755543254, 0, 349.82)
Episode: 700, mean score rollout: 0.868199626672061 Score test: (0.8901016712995058, 0.9966084842852638, 0, 349.28)
Episode: 800, mean score rollout: 0.8768555390486069 Score test: (0.8838328525115482, 0.9970248876034653, 0, 341.92)
Episode: 800, mean score rollout: 0.8768555390486069 Score test: (0.8838606610962435, 0.9964496399945503, 0, 344.86)
Episode: 800, mean score rollout: 0.8768555390486069 Score test: (0.883860238862778, 0.996461539356772, 0, 347.82)
Episode: 800, mean score rollout: 0.8768555390486069 Score test: (0.8797246248509225, 0.9963617975735124, 0, 345.48)
Episode: 900, mean score rollout: 0.8795561839131161 Score test: (0.8862334605130552, 0.9968476262415531, 0, 348.64)
Episode: 900, mean score rollout: 0.8795561839131161 Score test: (0.885204881003954, 0.9966515151890298, 0, 346.72)
Episode: 900, mean score rollout: 0.8795561839131161 Score test: (0.891333427407089, 0.9968493922830354, 0, 354.66)
Episode: 900, mean score rollout: 0.8795561839131161 Score test: (0.8844014507195657, 0.9966357938281165, 0, 352.44)
Episode: 1000, mean score rollout: 0.8898815135514212 Score test: (0.8792017067214762, 0.9961049279068136, 0, 348.4)
Episode: 1000, mean score rollout: 0.8898815135514212 Score test: (0.8839070378329322, 0.9962895032288539, 0, 343.92)
Episode: 1000, mean score rollout: 0.8898815135514212 Score test: (0.882792487630223, 0.9964224077101039, 0, 346.48)
Episode: 1000, mean score rollout: 0.8898815135514212 Score test: (0.890749965759957, 0.9966891384204685, 0, 348.26)
Episode: 1100, mean score rollout: 0.8797509047191159 Score test: (0.8756063596740786, 0.996630487388473, 0, 344.64)
Episode: 1100, mean score rollout: 0.8797509047191159 Score test: (0.8770242150228986, 0.9961465470256878, 0, 348.04)
Episode: 1100, mean score rollout: 0.8797509047191159 Score test: (0.8834363259382662, 0.9968531406238754, 0, 347.18)
Episode: 1100, mean score rollout: 0.8797509047191159 Score test: (0.8798817850147546, 0.9967172401018012, 0, 344.72)
Episode: 1200, mean score rollout: 0.8733429695592104 Score test: (0.8831125169369617, 0.996675606757854, 0, 349.02)
Episode: 1200, mean score rollout: 0.8733429695592104 Score test: (0.8852138372483614, 0.9972924390301959, 0, 347.58)
Episode: 1200, mean score rollout: 0.8733429695592104 Score test: (0.887945991932306, 0.996852763540588, 0, 345.86)
Episode: 1200, mean score rollout: 0.8733429695592104 Score test: (0.8873600355833928, 0.9972665689372611, 0, 347.66)
Episode: 1300, mean score rollout: 0.8800665910624644 Score test: (0.8739137375583205, 0.9963797181944039, 0, 342.62)
Episode: 1300, mean score rollout: 0.8800665910624644 Score test: (0.878288322958925, 0.9961010719285827, 0, 342.86)
Episode: 1300, mean score rollout: 0.8800665910624644 Score test: (0.8748795003119259, 0.9964675559258245, 0, 347.0)
Episode: 1300, mean score rollout: 0.8800665910624644 Score test: (0.8815924430611969, 0.9962951721211977, 0, 344.42)
Episode: 1400, mean score rollout: 0.8787788102563147 Score test: (0.8903871811654746, 0.9965292976519554, 0, 348.26)
Episode: 1400, mean score rollout: 0.8787788102563147 Score test: (0.8861677329513837, 0.9972434437021072, 0, 349.86)
Episode: 1400, mean score rollout: 0.8787788102563147 Score test: (0.8807783313506095, 0.9961098642208317, 0, 343.2)
Episode: 1400, mean score rollout: 0.8787788102563147 Score test: (0.8815033156401623, 0.9969254792537918, 0, 347.24)
Episode: 1500, mean score rollout: 0.8862326237304755 Score test: (0.8915984555610044, 0.9964152993939238, 0, 348.04)
Episode: 1500, mean score rollout: 0.8862326237304755 Score test: (0.8902104517271616, 0.996309725540407, 0, 346.82)
Episode: 1500, mean score rollout: 0.8862326237304755 Score test: (0.8910965103830384, 0.9967449775413306, 0, 349.1)
Episode: 1500, mean score rollout: 0.8862326237304755 Score test: (0.8833261247952073, 0.996319676617531, 0, 350.44)
Episode: 1600, mean score rollout: 0.8881400364966308 Score test: (0.8975952924997399, 0.9970222126527414, 0, 350.54)
Episode: 1600, mean score rollout: 0.8881400364966308 Score test: (0.8951666299158698, 0.9966979832101776, 0, 348.58)
Episode: 1600, mean score rollout: 0.8881400364966308 Score test: (0.8968367447117438, 0.9971323900426209, 0, 347.46)
Episode: 1600, mean score rollout: 0.8881400364966308 Score test: (0.8967760725397079, 0.9966486469250992, 0, 353.02)
Episode: 1700, mean score rollout: 0.8923620872043674 Score test: (0.8929517369785906, 0.9968823927112744, 0, 348.74)
Episode: 1700, mean score rollout: 0.8923620872043674 Score test: (0.8896080468990998, 0.9964522609430003, 0, 351.18)
Episode: 1700, mean score rollout: 0.8923620872043674 Score test: (0.8885025621581115, 0.996937724607816, 0, 349.24)
Episode: 1700, mean score rollout: 0.8923620872043674 Score test: (0.887233998603667, 0.9965893052429187, 0, 349.0)
Episode: 1800, mean score rollout: 0.8890739843451826 Score test: (0.8764733005279223, 0.9955048543959244, 0, 345.5)
Episode: 1800, mean score rollout: 0.8890739843451826 Score test: (0.8791157496353479, 0.995872439198361, 0, 343.06)
Episode: 1800, mean score rollout: 0.8890739843451826 Score test: (0.8742385209213868, 0.9951701197170167, 0, 340.8)
Episode: 1800, mean score rollout: 0.8890739843451826 Score test: (0.8806665159697658, 0.9961802218586964, 0, 344.7)
Episode: 1900, mean score rollout: 0.8796489496038895 Score test: (0.8739464854118038, 0.9964867958325604, 0, 341.32)
Episode: 1900, mean score rollout: 0.8796489496038895 Score test: (0.8751713462562194, 0.9966794765271473, 0, 347.26)
Episode: 1900, mean score rollout: 0.8796489496038895 Score test: (0.8763973614790231, 0.9965802925972871, 0, 342.02)
Episode: 1900, mean score rollout: 0.8796489496038895 Score test: (0.8755904330917578, 0.9971456742441004, 0, 339.82)
Episode: 2000, mean score rollout: 0.8912577416236216 Score test: (0.8932062174238494, 0.996681765954759, 0, 351.72)
Episode: 2000, mean score rollout: 0.8912577416236216 Score test: (0.8957577142491003, 0.9970281191249842, 0, 352.22)
Episode: 2000, mean score rollout: 0.8912577416236216 Score test: (0.8913605602916637, 0.9968038326025789, 0, 353.04)
Episode: 2000, mean score rollout: 0.8912577416236216 Score test: (0.8970301458773058, 0.9969391020900537, 0, 350.12)
Episode: 2100, mean score rollout: 0.8793346265995426 Score test: (0.9018202669429684, 0.9972049822836546, 0, 353.22)
Episode: 2100, mean score rollout: 0.8793346265995426 Score test: (0.9043169529559196, 0.9970532378252723, 0, 350.82)
Episode: 2100, mean score rollout: 0.8793346265995426 Score test: (0.8922239511084694, 0.9966781533538628, 0, 349.84)
Episode: 2100, mean score rollout: 0.8793346265995426 Score test: (0.8943243242572436, 0.9970588669237231, 0, 354.22)
Episode: 2200, mean score rollout: 0.8782689018555485 Score test: (0.8836269475003385, 0.9965889705344335, 0, 350.2)
Episode: 2200, mean score rollout: 0.8782689018555485 Score test: (0.8845031320317682, 0.9962560100291085, 0, 347.98)
Episode: 2200, mean score rollout: 0.8782689018555485 Score test: (0.8772681142264257, 0.9966190162132215, 0, 345.38)
Episode: 2200, mean score rollout: 0.8782689018555485 Score test: (0.8838312281997596, 0.9973941168082833, 0, 348.74)
Episode: 2300, mean score rollout: 0.8863927498782708 Score test: (0.8910610897369229, 0.9968760372117578, 0, 349.12)
Episode: 2300, mean score rollout: 0.8863927498782708 Score test: (0.8900050044378469, 0.9965865361460919, 0, 345.5)
Episode: 2300, mean score rollout: 0.8863927498782708 Score test: (0.8811561577187969, 0.9956848831276162, 0, 351.42)
Episode: 2300, mean score rollout: 0.8863927498782708 Score test: (0.8793546728506763, 0.995921376908519, 0, 347.38)
Episode: 2400, mean score rollout: 0.8715578132412369 Score test: (0.8926941830669185, 0.9972074830673963, 0, 353.24)
Episode: 2400, mean score rollout: 0.8715578132412369 Score test: (0.8950558103537375, 0.997037740804707, 0, 356.66)
Episode: 2400, mean score rollout: 0.8715578132412369 Score test: (0.8876339609200783, 0.9962220830509148, 0, 346.64)
Episode: 2400, mean score rollout: 0.8715578132412369 Score test: (0.8928243955348285, 0.997187514090359, 0, 352.36)
URLLC score iPPO: 0.8952596589166458
Jain's index iPPO: 0.9969637235746229
Channel errors iPPO: 0
Reward per episode iPPO: 352.622

load= 1
Episode: 0, mean score rollout: 0.4346479214206149 Score test: (0.41915306599325114, 0.9166441857043475, 0, 465.46)
Episode: 0, mean score rollout: 0.4346479214206149 Score test: (0.4324339777230866, 0.9589045475747504, 0, 487.06)
Episode: 0, mean score rollout: 0.4346479214206149 Score test: (0.43059301115053006, 0.9612247679327386, 0, 479.92)
Episode: 0, mean score rollout: 0.4346479214206149 Score test: (0.4299588526603431, 0.9485346596265223, 0, 477.16)
Episode: 100, mean score rollout: 0.45284632067558095 Score test: (0.4479089570435624, 0.9899567195534236, 0, 501.56)
Episode: 100, mean score rollout: 0.45284632067558095 Score test: (0.4561005278829724, 0.9923083906921397, 0, 510.76)
Episode: 100, mean score rollout: 0.45284632067558095 Score test: (0.4561898392815712, 0.9907383156757921, 0, 509.14)
Episode: 100, mean score rollout: 0.45284632067558095 Score test: (0.45010490495810357, 0.9918669975670817, 0, 506.52)
Episode: 200, mean score rollout: 0.445523835671472 Score test: (0.4645356024131172, 0.9922525074527418, 0, 520.34)
Episode: 200, mean score rollout: 0.445523835671472 Score test: (0.46825374751013404, 0.9914914957877785, 0, 520.72)
Episode: 200, mean score rollout: 0.445523835671472 Score test: (0.46315668851446906, 0.9911949179974835, 0, 521.14)
Episode: 200, mean score rollout: 0.445523835671472 Score test: (0.4660177163782293, 0.993072530386749, 0, 523.4)
Episode: 300, mean score rollout: 0.4479463738431274 Score test: (0.45635751576507977, 0.9902162383665467, 0, 504.84)
Episode: 300, mean score rollout: 0.4479463738431274 Score test: (0.4519276433742903, 0.9890575807825229, 0, 505.78)
Episode: 300, mean score rollout: 0.4479463738431274 Score test: (0.4505026475484939, 0.99177115555557, 0, 504.1)
Episode: 300, mean score rollout: 0.4479463738431274 Score test: (0.4527677153527025, 0.9910670020200384, 0, 505.96)
Episode: 400, mean score rollout: 0.45565588363513054 Score test: (0.46162784207542734, 0.9924600491230207, 0, 518.48)
Episode: 400, mean score rollout: 0.45565588363513054 Score test: (0.4681833714116308, 0.9926932678054162, 0, 526.4)
Episode: 400, mean score rollout: 0.45565588363513054 Score test: (0.46802530283896443, 0.9911138975293027, 0, 526.48)
Episode: 400, mean score rollout: 0.45565588363513054 Score test: (0.4680171050422842, 0.9916285740023, 0, 523.3)
Episode: 500, mean score rollout: 0.45216380313498705 Score test: (0.4599565187842192, 0.991549435328978, 0, 513.12)
Episode: 500, mean score rollout: 0.45216380313498705 Score test: (0.45553219330162725, 0.9907215339133398, 0, 514.1)
Episode: 500, mean score rollout: 0.45216380313498705 Score test: (0.46183171609263574, 0.9914127765602077, 0, 515.38)
Episode: 500, mean score rollout: 0.45216380313498705 Score test: (0.4598620839444882, 0.9922104953151702, 0, 513.24)
Episode: 600, mean score rollout: 0.44281261046217146 Score test: (0.4454631378419944, 0.9915124920639714, 0, 496.0)
Episode: 600, mean score rollout: 0.44281261046217146 Score test: (0.4488825392829085, 0.9900290848154654, 0, 500.56)
Episode: 600, mean score rollout: 0.44281261046217146 Score test: (0.4466357368642737, 0.9905375499064588, 0, 496.62)
Episode: 600, mean score rollout: 0.44281261046217146 Score test: (0.44141008568525736, 0.989987247331264, 0, 493.34)
Episode: 700, mean score rollout: 0.459027940063064 Score test: (0.46916987701123264, 0.9925191944721274, 0, 527.22)
Episode: 700, mean score rollout: 0.459027940063064 Score test: (0.4652480375740909, 0.9914671985502699, 0, 523.92)
Episode: 700, mean score rollout: 0.459027940063064 Score test: (0.475738479289584, 0.990474586847232, 0, 532.96)
Episode: 700, mean score rollout: 0.459027940063064 Score test: (0.47403816356229733, 0.9920892594471128, 0, 532.52)
Episode: 800, mean score rollout: 0.45348817797380986 Score test: (0.4639961648769516, 0.9899136944491437, 0, 523.6)
Episode: 800, mean score rollout: 0.45348817797380986 Score test: (0.46332340891137913, 0.9899941624760606, 0, 519.78)
Episode: 800, mean score rollout: 0.45348817797380986 Score test: (0.46207342547853814, 0.9894306713931617, 0, 519.82)
Episode: 800, mean score rollout: 0.45348817797380986 Score test: (0.46417310021579966, 0.990898173464165, 0, 520.28)
Episode: 900, mean score rollout: 0.4504952118078654 Score test: (0.4758687484094717, 0.9911328187026223, 0, 535.08)
Episode: 900, mean score rollout: 0.4504952118078654 Score test: (0.473447309940917, 0.9910073313980208, 0, 529.4)
Episode: 900, mean score rollout: 0.4504952118078654 Score test: (0.46845807824564273, 0.9908973305475051, 0, 526.4)
Episode: 900, mean score rollout: 0.4504952118078654 Score test: (0.47483511771985903, 0.9913990624834856, 0, 536.46)
Episode: 1000, mean score rollout: 0.4586489028474491 Score test: (0.45788181264116473, 0.990126677950443, 0, 515.16)
Episode: 1000, mean score rollout: 0.4586489028474491 Score test: (0.4591045236893933, 0.9909746982648842, 0, 516.44)
Episode: 1000, mean score rollout: 0.4586489028474491 Score test: (0.46491344235054255, 0.990470317331546, 0, 519.14)
Episode: 1000, mean score rollout: 0.4586489028474491 Score test: (0.4605962254926487, 0.9894829692469008, 0, 515.28)
Episode: 1100, mean score rollout: 0.44876614488011546 Score test: (0.46535459309059635, 0.9895092930289076, 0, 518.76)
Episode: 1100, mean score rollout: 0.44876614488011546 Score test: (0.4621714090562616, 0.989294944389627, 0, 516.04)
Episode: 1100, mean score rollout: 0.44876614488011546 Score test: (0.4634904407542831, 0.9897036688805563, 0, 515.3)
Episode: 1100, mean score rollout: 0.44876614488011546 Score test: (0.45947539939322285, 0.9892295197524932, 0, 517.82)
Episode: 1200, mean score rollout: 0.4659638201051738 Score test: (0.45599983449710607, 0.990694677166953, 0, 511.9)
Episode: 1200, mean score rollout: 0.4659638201051738 Score test: (0.45586097800390546, 0.9897308474189294, 0, 510.54)
Episode: 1200, mean score rollout: 0.4659638201051738 Score test: (0.45664528549545436, 0.9905567376538725, 0, 507.02)
Episode: 1200, mean score rollout: 0.4659638201051738 Score test: (0.4520200224863001, 0.9906185985759922, 0, 500.48)
Episode: 1300, mean score rollout: 0.45202407716248494 Score test: (0.4580176043918155, 0.9908498282681912, 0, 510.88)
Episode: 1300, mean score rollout: 0.45202407716248494 Score test: (0.4576590783120953, 0.9911966511816658, 0, 515.06)
Episode: 1300, mean score rollout: 0.45202407716248494 Score test: (0.45371929097258984, 0.9914725131650587, 0, 507.84)
Episode: 1300, mean score rollout: 0.45202407716248494 Score test: (0.455009104486361, 0.9911472039181031, 0, 511.76)
Episode: 1400, mean score rollout: 0.4453300518364308 Score test: (0.4761379536061428, 0.9919978900490233, 0, 537.66)
Episode: 1400, mean score rollout: 0.4453300518364308 Score test: (0.47879924879538593, 0.9906878868984428, 0, 535.7)
Episode: 1400, mean score rollout: 0.4453300518364308 Score test: (0.4748020663357362, 0.9925749128809003, 0, 536.1)
Episode: 1400, mean score rollout: 0.4453300518364308 Score test: (0.4702151223869857, 0.9921662457770672, 0, 528.68)
Episode: 1500, mean score rollout: 0.45584164380869313 Score test: (0.4645804913315977, 0.9908017006074951, 0, 515.54)
Episode: 1500, mean score rollout: 0.45584164380869313 Score test: (0.46121053509840004, 0.9894715172594808, 0, 512.06)
Episode: 1500, mean score rollout: 0.45584164380869313 Score test: (0.4569652633192027, 0.9921820861642138, 0, 512.7)
Episode: 1500, mean score rollout: 0.45584164380869313 Score test: (0.45340474084703997, 0.9902095044742696, 0, 507.28)
Episode: 1600, mean score rollout: 0.4477008005849477 Score test: (0.460042273474142, 0.9898739224707543, 0, 515.18)
Episode: 1600, mean score rollout: 0.4477008005849477 Score test: (0.46015561316934767, 0.9911952611327834, 0, 511.84)
Episode: 1600, mean score rollout: 0.4477008005849477 Score test: (0.45719768532903804, 0.9897354467504644, 0, 510.3)
Episode: 1600, mean score rollout: 0.4477008005849477 Score test: (0.4626152494030037, 0.9904070056917418, 0, 515.7)
Episode: 1700, mean score rollout: 0.45886736599588324 Score test: (0.46223593260997986, 0.9906325634212573, 0, 519.1)
Episode: 1700, mean score rollout: 0.45886736599588324 Score test: (0.46212542193772244, 0.9914775616558232, 0, 516.96)
Episode: 1700, mean score rollout: 0.45886736599588324 Score test: (0.45689144262818737, 0.990850083356185, 0, 513.7)
Episode: 1700, mean score rollout: 0.45886736599588324 Score test: (0.46413992465676984, 0.9916907245375959, 0, 521.76)
Episode: 1800, mean score rollout: 0.46457795617505704 Score test: (0.46670631950274966, 0.9904292704965623, 0, 525.06)
Episode: 1800, mean score rollout: 0.46457795617505704 Score test: (0.4658016958665862, 0.9895707204453886, 0, 523.54)
Episode: 1800, mean score rollout: 0.46457795617505704 Score test: (0.46941114879318085, 0.9912021274763757, 0, 525.7)
Episode: 1800, mean score rollout: 0.46457795617505704 Score test: (0.47294287311689587, 0.9918346552345768, 0, 524.84)
Episode: 1900, mean score rollout: 0.45132990988937716 Score test: (0.4415358592409028, 0.9855498789212092, 0, 490.1)
Episode: 1900, mean score rollout: 0.45132990988937716 Score test: (0.4339889510675954, 0.9861699991623282, 0, 484.48)
Episode: 1900, mean score rollout: 0.45132990988937716 Score test: (0.4376528881758275, 0.9879020442713548, 0, 489.0)
Episode: 1900, mean score rollout: 0.45132990988937716 Score test: (0.4347905875535703, 0.9859816395350475, 0, 483.84)
Episode: 2000, mean score rollout: 0.45366028574693723 Score test: (0.4577617307601268, 0.98760722539805, 0, 510.9)
Episode: 2000, mean score rollout: 0.45366028574693723 Score test: (0.4553566799706861, 0.9886742748646873, 0, 510.2)
Episode: 2000, mean score rollout: 0.45366028574693723 Score test: (0.4524409074823687, 0.9889811319799058, 0, 505.68)
Episode: 2000, mean score rollout: 0.45366028574693723 Score test: (0.4625484303478824, 0.9901272017300461, 0, 515.9)
Episode: 2100, mean score rollout: 0.4501529822909701 Score test: (0.4793098927513579, 0.991557918288997, 0, 538.92)
Episode: 2100, mean score rollout: 0.4501529822909701 Score test: (0.4788650089292539, 0.989992380994709, 0, 540.1)
Episode: 2100, mean score rollout: 0.4501529822909701 Score test: (0.4841138517083992, 0.9911057449570851, 0, 544.24)
Episode: 2100, mean score rollout: 0.4501529822909701 Score test: (0.47854404390336136, 0.9913769455428408, 0, 537.84)
Episode: 2200, mean score rollout: 0.4483444957516746 Score test: (0.44422289408534077, 0.9816796741905414, 0, 495.18)
Episode: 2200, mean score rollout: 0.4483444957516746 Score test: (0.4346818064344947, 0.9830846968578535, 0, 490.42)
Episode: 2200, mean score rollout: 0.4483444957516746 Score test: (0.44422040995085277, 0.9818529188263261, 0, 496.48)
Episode: 2200, mean score rollout: 0.4483444957516746 Score test: (0.4378391507025984, 0.9837038181775103, 0, 490.88)
Episode: 2300, mean score rollout: 0.45021052156598707 Score test: (0.47340263446239844, 0.9914977199945382, 0, 529.7)
Episode: 2300, mean score rollout: 0.45021052156598707 Score test: (0.47920930245693083, 0.9911117820646822, 0, 532.16)
Episode: 2300, mean score rollout: 0.45021052156598707 Score test: (0.46828776416404017, 0.9915794289505137, 0, 527.54)
Episode: 2300, mean score rollout: 0.45021052156598707 Score test: (0.47234638014282376, 0.9931130250948853, 0, 529.02)
Episode: 2400, mean score rollout: 0.46146311557127273 Score test: (0.42737676945067576, 0.9838950484141749, 0, 475.78)
Episode: 2400, mean score rollout: 0.46146311557127273 Score test: (0.42808619280908, 0.9834364191064721, 0, 477.7)
Episode: 2400, mean score rollout: 0.46146311557127273 Score test: (0.42973905755663006, 0.9823756843099525, 0, 478.98)
Episode: 2400, mean score rollout: 0.46146311557127273 Score test: (0.42441573217814527, 0.983459894519098, 0, 472.26)
URLLC score iPPO: 0.48388662410526606
Jain's index iPPO: 0.9919654258740452
Channel errors iPPO: 0
Reward per episode iPPO: 544.34

